[1472416070] TYPE=dog POST=Array
(
    [type] => dog
    [image] => 0
    [owner] => 6129
    [on_success] => home
    [on_fail] => dog&id=8513
    [id] => 8513
    [name] => Maxx Throttle Howell
    [sex] => male
    [neutered] => yes
    [age] => 9.5 years
    [birthday] => 2007
    [breed1] => Dachshund
    [breed2] => 
    [breed3] => 
    [purebred] => yes
)
 ERROR=Array (HY093)
[1472416085] TYPE=dog POST=Array
(
    [type] => dog
    [image] => 0
    [owner] => 6129
    [on_success] => home
    [on_fail] => dog&id=8514
    [id] => 8514
    [name] => Ben Norman Howell
    [sex] => male
    [neutered] => yes
    [age] => 9.5 years
    [birthday] => 2009
    [breed1] => Dachshund
    [breed2] => 
    [breed3] => 
    [purebred] => yes
)
 ERROR=Array (HY093)
